Build started 25.09.2016 20:22:07.
     1>Project "C:\Problems\YaPin\YaPyN_python\app\Interpretor\Project1\Project1.vcxproj" on node 2 (Build target(s)).
     1>ClCompile:
         C:\Program Files (x86)\Microsoft Visual Studio 12.0\VC\bin\CL.exe /c /ZI /nologo /W3 /WX- /sdl /Od /Oy- /D _UNICODE /D UNICODE /Gm /EHsc /RTC1 /MDd /GS /fp:precise /Zc:wchar_t /Zc:forScope /Fo"Debug\\" /Fd"Debug\vc120.pdb" /Gd /TP /analyze- /errorReport:prompt COverlappedWindow.cpp WinMain.cpp
         COverlappedWindow.cpp
         Generating Code...
         Skipping... (no relevant changes detected)
         WinMain.cpp
       ResourceCompile:
         C:\Program Files (x86)\Windows Kits\8.1\bin\x86\rc.exe /D _UNICODE /D UNICODE /l"0x0409" /nologo /fo"Debug\Project1.res" Project1.rc 
       Link:
         C:\Program Files (x86)\Microsoft Visual Studio 12.0\VC\bin\link.exe /ERRORREPORT:PROMPT /OUT:"C:\Problems\YaPin\YaPyN_python\app\Interpretor\Debug\Project1.exe" /INCREMENTAL /NOLOGO kernel32.lib user32.lib gdi32.lib winspool.lib comdlg32.lib advapi32.lib shell32.lib ole32.lib oleaut32.lib uuid.lib odbc32.lib odbccp32.lib /MANIFEST /MANIFESTUAC:"level='asInvoker' uiAccess='false'" /manifest:embed /DEBUG /PDB:"C:\Problems\YaPin\YaPyN_python\app\Interpretor\Debug\Project1.pdb" /TLBID:1 /DYNAMICBASE /NXCOMPAT /IMPLIB:"C:\Problems\YaPin\YaPyN_python\app\Interpretor\Debug\Project1.lib" /MACHINE:X86 Debug\Project1.res
         Debug\COverlappedWindow.obj
         Debug\CPythonInterpretor.obj
         Debug\WinMain.obj
     1>COverlappedWindow.obj : error LNK2019: unresolved external symbol "public: __thiscall CPythonInterpretor::CPythonInterpretor(void)" (??0CPythonInterpretor@@QAE@XZ) referenced in function "public: __thiscall COverlappedWindow::COverlappedWindow(void)" (??0COverlappedWindow@@QAE@XZ)
     1>C:\Problems\YaPin\YaPyN_python\app\Interpretor\Debug\Project1.exe : fatal error LNK1120: 1 unresolved externals
     1>Done Building Project "C:\Problems\YaPin\YaPyN_python\app\Interpretor\Project1\Project1.vcxproj" (Build target(s)) -- FAILED.

Build FAILED.

Time Elapsed 00:00:01.60
